0 info it worked if it ends with ok
1 verbose cli [ '/Users/bradparker/.node/bin/node',
1 verbose cli   '/Users/bradparker/.node/bin/npm',
1 verbose cli   'run',
1 verbose cli   'test' ]
2 info using npm@1.4.28
3 info using node@v0.10.35
4 verbose run-script [ 'pretest', 'test', 'posttest' ]
5 info pretest react-tinymce@0.1.0
6 info test react-tinymce@0.1.0
7 verbose unsafe-perm in lifecycle true
8 info react-tinymce@0.1.0 Failed to exec test script
9 error react-tinymce@0.1.0 test: `rackt test --ci --browsers Firefox`
9 error Exit status 1
10 error Failed at the react-tinymce@0.1.0 test script.
10 error This is most likely a problem with the react-tinymce package,
10 error not with npm itself.
10 error Tell the author that this fails on your system:
10 error     rackt test --ci --browsers Firefox
10 error You can get their info via:
10 error     npm owner ls react-tinymce
10 error There is likely additional logging output above.
11 error System Darwin 14.3.0
12 error command "/Users/bradparker/.node/bin/node" "/Users/bradparker/.node/bin/npm" "run" "test"
13 error cwd /Users/bradparker/netengine/react-tinymce
14 error node -v v0.10.35
15 error npm -v 1.4.28
16 error code ELIFECYCLE
17 verbose exit [ 1, true ]
